<?xml version="1.0" encoding="UTF-8"?>
<testng-results ignored="0" total="4" passed="4" failed="0" skipped="0">
  <reporter-output>
  </reporter-output>
  <suite started-at="2022-02-18T15:28:14Z" name="Default suite" finished-at="2022-02-18T15:28:50Z" duration-ms="36453">
    <groups>
    </groups>
    <test started-at="2022-02-18T15:28:14Z" name="Default test" finished-at="2022-02-18T15:28:50Z" duration-ms="36453">
      <class name="testcases.Testcase">
        <test-method is-config="true" signature="Launching_Browser()[pri:0, instance:testcases.Testcase@5443d039]" started-at="2022-02-18T15:27:51Z" name="Launching_Browser" finished-at="2022-02-18T15:28:14Z" duration-ms="23009" status="PASS">
          <reporter-output>
          </reporter-output>
        </test-method> <!-- Launching_Browser -->
        <test-method is-config="true" signature="BeforeTest()[pri:0, instance:testcases.Testcase@5443d039]" started-at="2022-02-18T15:28:14Z" name="BeforeTest" finished-at="2022-02-18T15:28:14Z" duration-ms="30" status="PASS">
          <reporter-output>
          </reporter-output>
        </test-method> <!-- BeforeTest -->
        <test-method signature="Invalid_Sign_in()[pri:0, instance:testcases.Testcase@5443d039]" started-at="2022-02-18T15:28:14Z" name="Invalid_Sign_in" finished-at="2022-02-18T15:28:16Z" duration-ms="2693" status="PASS">
          <reporter-output>
          </reporter-output>
        </test-method> <!-- Invalid_Sign_in -->
        <test-method is-config="true" signature="BeforeTest()[pri:0, instance:testcases.Testcase@5443d039]" started-at="2022-02-18T15:28:16Z" name="BeforeTest" finished-at="2022-02-18T15:28:16Z" duration-ms="2" status="PASS">
          <reporter-output>
          </reporter-output>
        </test-method> <!-- BeforeTest -->
        <test-method signature="Sign_in()[pri:0, instance:testcases.Testcase@5443d039]" started-at="2022-02-18T15:28:16Z" name="Sign_in" finished-at="2022-02-18T15:28:23Z" depends-on-methods="testcases.Testcase.Invalid_Sign_in" duration-ms="6680" status="PASS">
          <reporter-output>
          </reporter-output>
        </test-method> <!-- Sign_in -->
        <test-method is-config="true" signature="BeforeTest()[pri:0, instance:testcases.Testcase@5443d039]" started-at="2022-02-18T15:28:23Z" name="BeforeTest" finished-at="2022-02-18T15:28:23Z" duration-ms="5" status="PASS">
          <reporter-output>
          </reporter-output>
        </test-method> <!-- BeforeTest -->
        <test-method signature="AppointmentScheduling()[pri:0, instance:testcases.Testcase@5443d039]" started-at="2022-02-18T15:28:23Z" name="AppointmentScheduling" finished-at="2022-02-18T15:28:30Z" depends-on-methods="testcases.Testcase.Sign_in" duration-ms="6971" status="PASS">
          <reporter-output>
          </reporter-output>
        </test-method> <!-- AppointmentScheduling -->
        <test-method is-config="true" signature="BeforeTest()[pri:0, instance:testcases.Testcase@5443d039]" started-at="2022-02-18T15:28:30Z" name="BeforeTest" finished-at="2022-02-18T15:28:30Z" duration-ms="4" status="PASS">
          <reporter-output>
          </reporter-output>
        </test-method> <!-- BeforeTest -->
        <test-method signature="CaptureVitals()[pri:0, instance:testcases.Testcase@5443d039]" started-at="2022-02-18T15:28:30Z" name="CaptureVitals" finished-at="2022-02-18T15:28:50Z" depends-on-methods="testcases.Testcase.AppointmentScheduling" duration-ms="20035" status="PASS">
          <reporter-output>
          </reporter-output>
        </test-method> <!-- CaptureVitals -->
      </class> <!-- testcases.Testcase -->
    </test> <!-- Default test -->
  </suite> <!-- Default suite -->
</testng-results>
