<?xml version="1.0" encoding="UTF-8"?>
<!-- Generated by org.testng.reporters.JUnitXMLReporter -->
<testsuite ignored="0" hostname="inbl01lap5578" failures="0" tests="4" name="Default test" time="36.453" errors="0" timestamp="18 Feb 2022 15:28:50 GMT">
  <testcase classname="testcases.Testcase" name="Invalid_Sign_in" time="2.693"/>
  <testcase classname="testcases.Testcase" name="Sign_in" time="6.68"/>
  <testcase classname="testcases.Testcase" name="AppointmentScheduling" time="6.971"/>
  <testcase classname="testcases.Testcase" name="CaptureVitals" time="20.035"/>
</testsuite> <!-- Default test -->
