<?xml version="1.0" encoding="UTF-8"?>
<testng-results ignored="0" total="1" passed="1" failed="0" skipped="0">
  <reporter-output>
  </reporter-output>
  <suite started-at="2022-02-19T00:31:32 IST" name="Default suite" finished-at="2022-02-19T00:31:35 IST" duration-ms="2887">
    <groups>
    </groups>
    <test started-at="2022-02-19T00:31:32 IST" name="Default test" finished-at="2022-02-19T00:31:35 IST" duration-ms="2887">
      <class name="GetRequest.Project_GetRequest">
        <test-method signature="Get_Request()[pri:0, instance:GetRequest.Project_GetRequest@383bfa16]" started-at="2022-02-19T00:31:32 IST" name="Get_Request" finished-at="2022-02-19T00:31:35 IST" duration-ms="2840" status="PASS">
          <reporter-output>
          </reporter-output>
        </test-method> <!-- Get_Request -->
      </class> <!-- GetRequest.Project_GetRequest -->
    </test> <!-- Default test -->
  </suite> <!-- Default suite -->
</testng-results>
